<?xml version="1.0" encoding="UTF-8"?>
<!-- Generated by org.testng.reporters.JUnitReportReporter -->
<testsuite hostname="IN5CG9292JRC" failures="0" tests="1" name="com.ZeroKitePrj.TestCase.TC_LoginZeroKite_01" time="4.355" errors="0" timestamp="2021-05-21T12:20:52 IST" skipped="0">
  <testcase classname="com.ZeroKitePrj.TestCase.TC_LoginZeroKite_01" name="logintest" time="4.355"/>
  <system-out/>
</testsuite> <!-- com.ZeroKitePrj.TestCase.TC_LoginZeroKite_01 -->
